SF:lib/src/data_source/custom_data_source.dart
DA:21,1
DA:33,1
DA:52,3
DA:55,0
DA:58,3
DA:61,0
DA:64,0
DA:67,0
DA:74,2
DA:76,1
DA:77,1
DA:79,1
DA:84,1
DA:85,1
DA:86,2
DA:89,1
DA:90,3
DA:92,0
DA:93,0
DA:95,1
DA:96,3
DA:98,0
DA:99,0
DA:101,0
DA:102,0
DA:104,0
DA:106,0
LF:27
LH:15
end_of_record
SF:lib/src/data_source/empty_data_source.dart
DA:10,3
DA:13,1
DA:16,1
DA:19,1
DA:22,1
DA:25,1
DA:27,1
LF:7
LH:7
end_of_record
SF:lib/src/data_source/fake_data_source.dart
DA:37,4
DA:44,4
DA:48,4
DA:49,4
DA:54,3
DA:61,3
DA:65,3
DA:66,3
LF:8
LH:8
end_of_record
SF:lib/src/data_source/predefined_data_source.dart
DA:17,4
DA:29,12
DA:30,9
DA:32,4
DA:34,8
DA:35,8
DA:36,4
DA:37,8
DA:38,8
DA:44,3
DA:46,6
DA:47,6
DA:48,3
DA:49,6
DA:50,6
DA:56,4
DA:58,16
DA:61,2
DA:63,8
DA:66,2
DA:68,2
DA:69,4
DA:70,4
DA:71,6
DA:72,2
DA:74,2
DA:75,4
DA:76,4
DA:77,4
DA:79,2
DA:80,4
DA:81,4
DA:82,4
DA:89,2
DA:92,2
DA:93,0
DA:94,2
DA:95,2
DA:99,2
LF:39
LH:38
end_of_record
SF:lib/src/data_source/random_data_source.dart
DA:16,2
DA:23,1
DA:24,5
DA:25,1
DA:26,4
DA:30,1
DA:31,4
DA:32,4
DA:33,4
DA:34,1
DA:37,1
DA:39,1
DA:40,1
DA:41,1
DA:42,1
DA:45,3
DA:49,1
DA:51,1
DA:52,1
DA:53,1
DA:54,1
DA:57,3
DA:61,0
DA:63,0
DA:66,0
DA:68,0
DA:71,1
DA:73,1
DA:74,1
DA:76,5
DA:81,1
DA:83,0
DA:84,3
DA:85,1
DA:89,1
LF:35
LH:30
end_of_record
SF:lib/src/fake_image_picker.dart
DA:17,2
DA:27,1
DA:31,1
DA:34,1
DA:35,1
DA:36,1
DA:38,1
DA:45,1
DA:48,1
DA:55,1
DA:58,1
DA:66,2
DA:68,1
DA:79,1
DA:86,2
DA:87,1
DA:88,1
DA:100,1
DA:106,2
DA:107,1
DA:108,1
DA:117,2
DA:121,1
DA:128,2
DA:129,1
DA:131,1
DA:143,1
DA:148,2
DA:156,1
DA:160,2
DA:161,1
DA:170,0
DA:173,3
LF:33
LH:32
end_of_record
SF:lib/src/fake_image_picker_behavior.dart
DA:12,3
DA:38,1
DA:45,1
DA:46,1
DA:47,1
DA:48,1
DA:49,1
DA:50,1
LF:8
LH:8
end_of_record
SF:lib/src/fake_image_picker_config.dart
DA:12,3
DA:16,3
DA:17,2
DA:30,1
DA:35,1
DA:36,1
DA:37,1
DA:38,1
LF:8
LH:8
end_of_record
SF:lib/src/fake_image_picker_platform.dart
DA:25,3
DA:26,2
DA:33,9
DA:35,9
DA:37,9
DA:39,3
DA:40,6
DA:42,1
DA:45,6
DA:50,6
DA:55,6
DA:59,6
DA:60,2
DA:61,1
DA:67,3
DA:68,6
DA:72,3
DA:73,6
DA:74,1
DA:76,1
DA:81,3
DA:86,2
DA:87,1
DA:89,0
DA:90,0
DA:92,0
DA:93,0
DA:97,3
DA:98,3
DA:99,1
DA:103,3
DA:105,6
DA:109,3
DA:111,2
DA:112,4
DA:114,3
DA:119,3
DA:120,2
DA:121,2
DA:122,2
DA:123,2
DA:125,8
DA:128,0
DA:136,0
DA:138,0
DA:147,3
DA:151,3
DA:152,3
DA:153,3
DA:154,3
DA:155,3
DA:157,6
DA:159,6
DA:160,6
DA:163,15
DA:166,0
DA:172,0
DA:173,0
DA:174,0
DA:181,0
DA:184,2
DA:186,2
DA:187,2
DA:188,2
DA:189,2
DA:190,2
DA:192,4
DA:193,0
DA:194,0
DA:199,4
DA:201,2
DA:202,2
DA:203,2
DA:206,10
DA:209,2
DA:215,2
DA:216,8
DA:219,2
DA:223,4
DA:225,4
DA:226,4
DA:229,10
DA:232,2
DA:234,4
DA:235,2
DA:239,1
DA:240,1
DA:241,3
DA:247,1
DA:255,1
DA:257,1
DA:264,1
DA:267,1
DA:273,1
DA:274,1
DA:275,1
DA:282,1
DA:283,3
DA:286,1
DA:292,1
DA:297,1
DA:300,1
DA:302,1
DA:303,1
DA:304,1
DA:305,1
DA:306,1
DA:307,1
LF:108
LH:94
end_of_record
SF:lib/src/platform/fake_platform.dart
DA:15,2
DA:25,2
DA:35,3
DA:45,1
DA:55,1
DA:65,1
DA:76,1
DA:88,3
DA:90,5
DA:91,6
DA:92,4
DA:93,4
DA:94,4
DA:95,4
DA:96,4
LF:15
LH:15
end_of_record
SF:lib/src/platform/fake_platform_constraints.dart
DA:10,3
DA:35,9
DA:38,1
DA:45,1
DA:46,1
DA:47,1
DA:48,1
DA:49,1
DA:50,1
LF:9
LH:9
end_of_record
