SF:lib/src/data_source/custom_data_source.dart
DA:21,1
DA:33,1
DA:52,3
DA:55,3
DA:58,3
DA:61,3
DA:64,3
DA:67,3
DA:74,2
DA:76,1
DA:77,1
DA:79,1
DA:84,1
DA:85,1
DA:86,2
DA:89,1
DA:90,3
DA:92,1
DA:93,3
DA:95,1
DA:97,3
DA:99,1
DA:101,3
DA:103,1
DA:105,3
DA:107,1
DA:109,3
LF:27
LH:27
end_of_record
SF:lib/src/data_source/empty_data_source.dart
DA:10,3
DA:13,1
DA:16,1
DA:19,1
DA:22,1
DA:25,1
DA:27,1
LF:7
LH:7
end_of_record
SF:lib/src/data_source/fake_data_source.dart
DA:37,4
DA:44,4
DA:48,4
DA:49,4
DA:54,3
DA:61,3
DA:65,3
DA:66,3
LF:8
LH:8
end_of_record
SF:lib/src/data_source/predefined_data_source.dart
DA:17,4
DA:26,4
DA:27,8
DA:28,3
DA:29,6
DA:31,4
DA:33,8
DA:34,8
DA:35,4
DA:36,8
DA:37,8
DA:43,3
DA:45,6
DA:46,6
DA:47,3
DA:48,6
DA:49,6
DA:55,4
DA:57,16
DA:60,2
DA:62,8
DA:65,2
DA:67,2
DA:68,4
DA:69,4
DA:70,6
DA:71,2
DA:73,2
DA:74,4
DA:75,4
DA:76,4
DA:78,2
DA:79,4
DA:80,4
DA:81,4
DA:88,2
DA:91,2
DA:92,0
DA:93,2
DA:94,2
DA:98,2
LF:41
LH:40
end_of_record
SF:lib/src/data_source/random_data_source.dart
DA:16,2
DA:23,1
DA:24,5
DA:25,1
DA:26,4
DA:30,1
DA:31,4
DA:32,4
DA:33,4
DA:34,1
DA:37,1
DA:39,1
DA:40,1
DA:41,1
DA:42,1
DA:45,3
DA:49,1
DA:51,1
DA:52,1
DA:53,1
DA:54,1
DA:57,3
DA:61,0
DA:63,0
DA:66,0
DA:68,0
DA:71,1
DA:73,1
DA:74,1
DA:76,1
DA:77,4
DA:82,1
DA:85,0
DA:86,1
DA:87,1
DA:88,1
DA:89,1
DA:93,1
LF:38
LH:33
end_of_record
SF:lib/src/fake_image_picker.dart
DA:17,1
DA:18,1
DA:28,1
DA:32,1
DA:35,1
DA:36,1
DA:37,1
DA:39,1
DA:46,1
DA:49,1
DA:56,1
DA:59,1
DA:67,2
DA:69,1
DA:80,1
DA:87,2
DA:88,1
DA:89,1
DA:101,1
DA:107,2
DA:108,1
DA:109,1
DA:118,2
DA:122,1
DA:129,2
DA:130,1
DA:132,1
DA:144,1
DA:149,2
DA:157,1
DA:158,2
DA:159,1
DA:165,0
DA:168,1
DA:169,2
LF:35
LH:34
end_of_record
SF:lib/src/fake_image_picker_behavior.dart
DA:12,5
DA:38,1
DA:45,1
DA:46,1
DA:47,1
DA:48,1
DA:49,1
DA:50,1
LF:8
LH:8
end_of_record
SF:lib/src/fake_image_picker_config.dart
DA:12,3
DA:16,3
DA:17,2
DA:30,1
DA:35,1
DA:36,1
DA:37,1
DA:38,1
LF:8
LH:8
end_of_record
SF:lib/src/fake_image_picker_platform.dart
DA:25,3
DA:26,2
DA:33,9
DA:35,9
DA:37,9
DA:39,3
DA:40,6
DA:42,1
DA:45,6
DA:50,6
DA:55,6
DA:59,6
DA:60,2
DA:61,1
DA:67,3
DA:68,6
DA:72,3
DA:73,6
DA:74,1
DA:77,1
DA:82,3
DA:87,2
DA:88,1
DA:94,0
DA:95,0
DA:97,0
DA:98,0
DA:102,3
DA:103,3
DA:104,1
DA:108,3
DA:110,6
DA:114,3
DA:116,2
DA:118,4
DA:120,3
DA:125,3
DA:126,2
DA:127,2
DA:128,2
DA:129,2
DA:131,8
DA:134,0
DA:142,0
DA:144,0
DA:153,3
DA:157,3
DA:158,3
DA:159,3
DA:160,3
DA:161,3
DA:163,6
DA:165,6
DA:166,6
DA:169,15
DA:172,0
DA:178,0
DA:179,0
DA:180,0
DA:187,0
DA:190,2
DA:192,2
DA:193,2
DA:194,2
DA:195,2
DA:196,2
DA:198,4
DA:199,0
DA:200,0
DA:205,4
DA:207,2
DA:208,2
DA:209,2
DA:212,10
DA:215,2
DA:221,2
DA:222,8
DA:225,2
DA:229,4
DA:231,4
DA:232,4
DA:235,10
DA:238,2
DA:240,4
DA:241,2
DA:245,1
DA:246,1
DA:247,3
DA:253,1
DA:261,1
DA:263,1
DA:270,1
DA:273,1
DA:279,1
DA:280,1
DA:281,1
DA:288,1
DA:289,3
DA:292,1
DA:298,1
DA:303,1
DA:306,1
DA:308,1
DA:309,1
DA:310,1
DA:311,1
DA:312,1
DA:313,1
LF:108
LH:94
end_of_record
SF:lib/src/platform/fake_platform.dart
DA:15,2
DA:25,2
DA:35,3
DA:45,1
DA:55,1
DA:65,1
DA:76,1
DA:88,3
DA:90,5
DA:91,6
DA:92,4
DA:93,4
DA:94,4
DA:95,4
DA:96,4
LF:15
LH:15
end_of_record
SF:lib/src/platform/fake_platform_constraints.dart
DA:10,5
DA:35,3
DA:36,6
DA:39,1
DA:46,1
DA:47,1
DA:48,1
DA:50,1
DA:52,1
DA:53,1
LF:10
LH:10
end_of_record
